Start time: 16:39:59 on Mar 27,2017
qverilog -f example_03-05_run.f 
-- Compiling module ram
-- Compiling module test
-- Compiling module top

Top level modules:
	top
# vsim -lib work top -c -do "run -all; quit -f" -appendlog -l qverilog.log -vopt 
# ** Note: (vsim-3813) Design is being optimized due to module recompilation...
# //  Questa Sim-64
# //  Version 10.6 win64 Dec 13 2016
# //
# //  Copyright 1991-2016 Mentor Graphics Corporation
# //  All Rights Reserved.
# //
# //  QuestaSim and its associated documentation contain trade
# //  secrets and commercial or financial information that are the property of
# //  Mentor Graphics Corporation and are privileged, confidential,
# //  and exempt from disclosure under the Freedom of Information Act,
# //  5 U.S.C. Section 552. Furthermore, this information
# //  is prohibited from disclosure under the Trade Secrets Act,
# //  18 U.S.C. Section 1905.
# //
# Loading sv_std.std
# Loading work.top(fast)
# run -all
#  
# port ram1.addr type after parameter override is wire[9:0]
# port ram1.data type after parameter override is wire[7:0]
#  
# port ram2.addr type after parameter override is wire[15:0]
# port ram2.data type after parameter override is wire[7:0]
#  
# 
# 
# *** No simulation results expected ***
# *** Only testing that the dut compiles and elaborates ***
# 
# 
# ** Note: $finish    : example_03-05_testbench.sv(28)
#    Time: 5 ns  Iteration: 0  Instance: /top/test
# End time: 16:40:01 on Mar 27,2017, Elapsed time: 0:00:02
# Errors: 0, Warnings: 0
