Start time: 15:34:13 on Sep 17,2016
qverilog -f 8-02_run.f 
-- Compiling module jcounter_bad
-- Compiling module test
-- Compiling module top

Top level modules:
	top
# vsim -lib work top -c -do "run -all; quit -f" -appendlog -l qverilog.log -vopt 
# ** Note: (vsim-8009) Loading existing optimized design _opt1
# //  Questa Sim-64
# //  Version 10.5 win64 Feb 13 2016
# //
# //  Copyright 1991-2016 Mentor Graphics Corporation
# //  All Rights Reserved.
# //
# //  QuestaSim and its associated documentation contain trade
# //  secrets and commercial or financial information that are the property of
# //  Mentor Graphics Corporation and are privileged, confidential,
# //  and exempt from disclosure under the Freedom of Information Act,
# //  5 U.S.C. Section 552. Furthermore, this information
# //  is prohibited from disclosure under the Trade Secrets Act,
# //  18 U.S.C. Section 1905.
# //
# Loading sv_std.std
# Loading work.top(fast)
# run -all
# 
# NO SELF CHECKING -- VISUALLY VERIFY JOHNSON COUNT PATTER
# cnt[0:3] = xxxx
# 
# Testing reset, should not shift ...
# cnt[0:3] = 0000
# cnt[0:3] = 0000
# cnt[0:3] = 0000
# cnt[0:3] = 0000
# cnt[0:3] = 0000
# 
# Testing shift ...
# cnt[0:3] = 1111
# cnt[0:3] = 0000
# cnt[0:3] = 1111
# cnt[0:3] = 0000
# cnt[0:3] = 1111
# cnt[0:3] = 0000
# cnt[0:3] = 1111
# cnt[0:3] = 0000
# cnt[0:3] = 1111
# cnt[0:3] = 0000
# cnt[0:3] = 1111
# cnt[0:3] = 0000
# ** Note: $finish    : 8-02_testbench.sv(30)
#    Time: 180 ns  Iteration: 1  Instance: /top/test
# End time: 15:34:14 on Sep 17,2016, Elapsed time: 0:00:01
# Errors: 0, Warnings: 0
