Start time: 22:41:46 on May 15,2017
qverilog -f example_07-04_run.f 
-- Compiling module case_with_unique0_decode
-- Compiling module test
-- Compiling module top

Top level modules:
	top
# vsim -lib work top -c -do "run -all; quit -f" -appendlog -l qverilog.log -vopt 
# ** Note: (vsim-3813) Design is being optimized due to module recompilation...
# //  Questa Sim-64
# //  Version 10.6 win64 Dec 13 2016
# //
# //  Copyright 1991-2016 Mentor Graphics Corporation
# //  All Rights Reserved.
# //
# //  QuestaSim and its associated documentation contain trade
# //  secrets and commercial or financial information that are the property of
# //  Mentor Graphics Corporation and are privileged, confidential,
# //  and exempt from disclosure under the Freedom of Information Act,
# //  5 U.S.C. Section 552. Furthermore, this information
# //  is prohibited from disclosure under the Trade Secrets Act,
# //  18 U.S.C. Section 1905.
# //
# Loading sv_std.std
# Loading work.top(fast)
# run -all
# At    0ns: current_state=001  :  EXPECT: {get_ready, get_set, get_going}=100 , ACTUAL: 100  OK
# At   10ns: current_state=010  :  EXPECT: {get_ready, get_set, get_going}=010 , ACTUAL: 010  OK
# At   20ns: current_state=100  :  EXPECT: {get_ready, get_set, get_going}=001 , ACTUAL: 001  OK
# ** Note: $finish    : example_07-04_testbench.sv(36)
#    Time: 30 ns  Iteration: 1  Instance: /top/test
# End time: 22:41:47 on May 15,2017, Elapsed time: 0:00:01
# Errors: 0, Warnings: 0
