Start time: 09:41:58 on Apr 04,2017
qverilog -f example_04-07_run.f 
-- Compiling package definitions_pkg
-- Compiling module alu
-- Importing package definitions_pkg
-- Compiling module test
-- Compiling module top

Top level modules:
	top
# vsim -lib work top -c -do "run -all; quit -f" -appendlog -l qverilog.log -vopt 
# ** Note: (vsim-3813) Design is being optimized due to module recompilation...
# //  Questa Sim-64
# //  Version 10.6 win64 Dec 13 2016
# //
# //  Copyright 1991-2016 Mentor Graphics Corporation
# //  All Rights Reserved.
# //
# //  QuestaSim and its associated documentation contain trade
# //  secrets and commercial or financial information that are the property of
# //  Mentor Graphics Corporation and are privileged, confidential,
# //  and exempt from disclosure under the Freedom of Information Act,
# //  5 U.S.C. Section 552. Furthermore, this information
# //  is prohibited from disclosure under the Trade Secrets Act,
# //  18 U.S.C. Section 1905.
# //
# Loading sv_std.std
# Loading work.definitions_pkg(fast)
# Loading work.top(fast)
# run -all
# 
#  out.s_data = -4 (expect -4)
# 
#  out.u_data = 12 (expect 12)
# 
# top.test: *** TEST PASSED ***
# 
# ** Note: $finish    : example_04-07_testbench.sv(48)
#    Time: 40 ns  Iteration: 1  Instance: /top/test
# End time: 09:42:01 on Apr 04,2017, Elapsed time: 0:00:03
# Errors: 0, Warnings: 0
