Start time: 23:25:40 on Mar 27,2017
qverilog -f example_04-05_run.f 
-- Compiling module confidence_counter
-- Compiling module test
-- Compiling module top

Top level modules:
	top
# vsim -lib work top -c -do "run -all; quit -f" -appendlog -l qverilog.log -vopt 
# ** Note: (vsim-3813) Design is being optimized due to module recompilation...
# //  Questa Sim-64
# //  Version 10.6 win64 Dec 13 2016
# //
# //  Copyright 1991-2016 Mentor Graphics Corporation
# //  All Rights Reserved.
# //
# //  QuestaSim and its associated documentation contain trade
# //  secrets and commercial or financial information that are the property of
# //  Mentor Graphics Corporation and are privileged, confidential,
# //  and exempt from disclosure under the Freedom of Information Act,
# //  5 U.S.C. Section 552. Furthermore, this information
# //  is prohibited from disclosure under the Trade Secrets Act,
# //  18 U.S.C. Section 1905.
# //
# Loading sv_std.std
# Loading work.top(fast)
# run -all
# 
# Testing reset...
# state = Count0   data_matches = 0   compare_en = 0   data_synched = x
# state = Count0   data_matches = 0   compare_en = 0   data_synched = 0
# state = Count0   data_matches = 0   compare_en = 0   data_synched = 0
# state = Count0   data_matches = 0   compare_en = 0   data_synched = 0
#   Test passed
# 
# Testing hold until compare enabled...
# state = Count0   data_matches = 0   compare_en = 0   data_synched = 0
# state = Count0   data_matches = 1   compare_en = 0   data_synched = 0
# state = Count0   data_matches = 1   compare_en = 0   data_synched = 0
# state = Count0   data_matches = 1   compare_en = 0   data_synched = 0
# state = Count0   data_matches = 1   compare_en = 0   data_synched = 0
# state = Count0   data_matches = 1   compare_en = 0   data_synched = 0
# state = Count0   data_matches = 1   compare_en = 0   data_synched = 0
#   Test passed
# 
# Testing increment on match (compare is enabled)...
# state = Count0   data_matches = 0   compare_en = 1   data_synched = 0
# state = Count0   data_matches = 1   compare_en = 1   data_synched = 0
# state = Count1   data_matches = 1   compare_en = 1   data_synched = 0
# state = Count2   data_matches = 1   compare_en = 1   data_synched = 0
# state = Count3   data_matches = 1   compare_en = 1   data_synched = 0
# state = Count4   data_matches = 0   compare_en = 1   data_synched = 0
# state = Count2   data_matches = 1   compare_en = 1   data_synched = 0
# state = Count3   data_matches = 1   compare_en = 1   data_synched = 0
# state = Count4   data_matches = 1   compare_en = 1   data_synched = 0
# state = Count5   data_matches = 1   compare_en = 1   data_synched = 0
# state = Count6   data_matches = 0   compare_en = 1   data_synched = 0
# state = Count4   data_matches = 1   compare_en = 1   data_synched = 0
# state = Count5   data_matches = 1   compare_en = 1   data_synched = 0
# state = Count6   data_matches = 1   compare_en = 1   data_synched = 0
# state = Count7   data_matches = 1   compare_en = 1   data_synched = 0
# state = Count8   data_matches = 0   compare_en = 1   data_synched = 0
# state = Count6   data_matches = 1   compare_en = 1   data_synched = 1
# state = Count7   data_matches = 1   compare_en = 1   data_synched = 1
# state = Count8   data_matches = 1   compare_en = 1   data_synched = 1
# state = Count9   data_matches = 1   compare_en = 1   data_synched = 1
#   Test passed
# 
# Testing hold current state when not enabled...
# state = Count10   data_matches = 1   compare_en = 0   data_synched = 1
# state = Count10   data_matches = 1   compare_en = 0   data_synched = 1
# state = Count10   data_matches = 1   compare_en = 0   data_synched = 1
# state = Count10   data_matches = 1   compare_en = 0   data_synched = 1
#   Test passed
# 
# Testing increment to maximum count...
# state = Count10   data_matches = 1   compare_en = 1   data_synched = 1
# state = Count11   data_matches = 1   compare_en = 1   data_synched = 1
# state = Count12   data_matches = 1   compare_en = 1   data_synched = 1
# state = Count13   data_matches = 1   compare_en = 1   data_synched = 1
# state = Count14   data_matches = 1   compare_en = 1   data_synched = 1
# state = Count15   data_matches = 1   compare_en = 1   data_synched = 1
# state = Count15   data_matches = 1   compare_en = 1   data_synched = 1
# state = Count15   data_matches = 1   compare_en = 1   data_synched = 1
# state = Count15   data_matches = 1   compare_en = 1   data_synched = 1
# state = Count15   data_matches = 1   compare_en = 1   data_synched = 1
#   Test passed
# 
# Testing decrement to zero...
# state = Count15   data_matches = 0   compare_en = 1   data_synched = 1
# state = Count13   data_matches = 0   compare_en = 1   data_synched = 1
# state = Count11   data_matches = 0   compare_en = 1   data_synched = 1
# state = Count9   data_matches = 0   compare_en = 1   data_synched = 1
# state = Count7   data_matches = 0   compare_en = 1   data_synched = 1
# state = Count5   data_matches = 0   compare_en = 1   data_synched = 1
# state = Count3   data_matches = 0   compare_en = 1   data_synched = 1
# state = Count1   data_matches = 0   compare_en = 1   data_synched = 1
# state = Count0   data_matches = 0   compare_en = 1   data_synched = 1
# state = Count0   data_matches = 0   compare_en = 1   data_synched = 0
#   Test passed
# 
#  Tests completed with 0 errors!
# 
# ** Note: $finish    : example_04-05_testbench.sv(97)
#    Time: 550 ns  Iteration: 1  Instance: /top/test
# End time: 23:25:42 on Mar 27,2017, Elapsed time: 0:00:02
# Errors: 0, Warnings: 0
