Start time: 23:11:24 on Mar 27,2017
qverilog -f example_04-03_run.f 
-- Compiling package definitions_pkg
-- Compiling module alu
-- Importing package definitions_pkg
-- Compiling module test
-- Compiling module top

Top level modules:
	top
# vsim -lib work top -c -do "run -all; quit -f" -appendlog -l qverilog.log -vopt 
# ** Note: (vsim-3813) Design is being optimized due to module recompilation...
# ** Warning: example_04-01_package.sv(42): (vopt-2250) Function "multiplier" has no return value assignment.
# //  Questa Sim-64
# //  Version 10.6 win64 Dec 13 2016
# //
# //  Copyright 1991-2016 Mentor Graphics Corporation
# //  All Rights Reserved.
# //
# //  QuestaSim and its associated documentation contain trade
# //  secrets and commercial or financial information that are the property of
# //  Mentor Graphics Corporation and are privileged, confidential,
# //  and exempt from disclosure under the Freedom of Information Act,
# //  5 U.S.C. Section 552. Furthermore, this information
# //  is prohibited from disclosure under the Trade Secrets Act,
# //  18 U.S.C. Section 1905.
# //
# Loading sv_std.std
# Loading work.definitions_pkg(fast)
# Loading work.top(fast)
# Loading work.test(fast)
# Loading work.alu(fast)
# run -all
#  
# port result type is reg[15:0]
#  
# 
# *** No simulation results expected. ***
# *** Only checking that module compiles. ***
# 
# ** Note: $finish    : example_04-03_testbench.sv(28)
#    Time: 0 ns  Iteration: 0  Instance: /top/test
# End time: 23:11:26 on Mar 27,2017, Elapsed time: 0:00:02
# Errors: 0, Warnings: 1
