QuestaSim qverilog 10.2a Compiler 2013.03 Mar 15 2013
qverilog -f 4-1_run.f 
-- Compiling package definitions_pkg
-- Compiling module top

Top level modules:
	top
+ C:\questa_sim_10.2a\win32/vsim -lib work top -c -do "run -all; quit -f" -appendlog -l qverilog.log -vopt
# vsim -appendlog -do {run -all; quit -f} -l qverilog.log -lib work -c -vopt top 
# //  Questa Sim
# //  Version 10.2a win32 Mar 15 2013
# //
# //  Copyright 1991-2013 Mentor Graphics Corporation
# //  All Rights Reserved.
# //
# //  THIS WORK CONTAINS TRADE SECRET AND PROPRIETARY INFORMATION
# //  WHICH IS THE PROPERTY OF MENTOR GRAPHICS CORPORATION OR ITS
# //  LICENSORS AND IS SUBJECT TO LICENSE TERMS.
# //
# Loading sv_std.std
# Loading work.top(fast)
# run -all 
# 
# *** No simulation results expected. ***
# *** Only checking that module compiles. ***
# 
#  quit -f 
