QuestaSim qverilog 10.2a Compiler 2013.03 Mar 15 2013
qverilog -f 4-3_run.f 
-- Compiling package definitions_pkg
-- Compiling module alu
-- Importing package definitions_pkg
-- Compiling module test
-- Compiling module top

Top level modules:
	top
+ C:\questa_sim_10.2a\win32/vsim -lib work top -c -do "run -all; quit -f" -appendlog -l qverilog.log -vopt
# vsim -appendlog -do {run -all; quit -f} -l qverilog.log -lib work -c -vopt top 
# ** Note: (vsim-3813) Design is being optimized due to module recompilation...
# 
# ** Warning: 4-1_example_package.sv(42): (vopt-2250) Function "multiplier" has no return value assignment.
# 
# //  Questa Sim
# //  Version 10.2a win32 Mar 15 2013
# //
# //  Copyright 1991-2013 Mentor Graphics Corporation
# //  All Rights Reserved.
# //
# //  THIS WORK CONTAINS TRADE SECRET AND PROPRIETARY INFORMATION
# //  WHICH IS THE PROPERTY OF MENTOR GRAPHICS CORPORATION OR ITS
# //  LICENSORS AND IS SUBJECT TO LICENSE TERMS.
# //
# Loading sv_std.std
# Loading work.definitions_pkg(fast)
# Loading work.top(fast)
# Loading work.test(fast)
# Loading work.alu(fast)
# run -all 
#  
# port result type is reg[15:0]
#  
# 
# *** No simulation results expected. ***
# *** Only checking that module compiles. ***
# 
# ** Note: $finish    : 4-3_testbench.sv(28)
#    Time: 0 ns  Iteration: 0  Instance: /top/test
