QuestaSim qverilog 10.2a Compiler 2013.03 Mar 15 2013
qverilog -f 3-8_run.f 
-- Compiling module confidence_counter
-- Compiling module test
-- Compiling module top

Top level modules:
	top
+ C:\questa_sim_10.2a\win32/vsim -lib work top -c -do "run -all; quit -f" -appendlog -l qverilog.log -vopt
# vsim -appendlog -do {run -all; quit -f} -l qverilog.log -lib work -c -vopt top 
# ** Note: (vsim-3812) Design is being optimized...
# 
# //  Questa Sim
# //  Version 10.2a win32 Mar 15 2013
# //
# //  Copyright 1991-2013 Mentor Graphics Corporation
# //  All Rights Reserved.
# //
# //  THIS WORK CONTAINS TRADE SECRET AND PROPRIETARY INFORMATION
# //  WHICH IS THE PROPERTY OF MENTOR GRAPHICS CORPORATION OR ITS
# //  LICENSORS AND IS SUBJECT TO LICENSE TERMS.
# //
# Loading sv_std.std
# Loading work.top(fast)
# run -all 
# 
# Testing reset...
# state = Count0   data_matches = 0   compare_en = 0   data_synched = x
# state = Count0   data_matches = 0   compare_en = 0   data_synched = 0
# state = Count0   data_matches = 0   compare_en = 0   data_synched = 0
# state = Count0   data_matches = 0   compare_en = 0   data_synched = 0
#   Test passed
# 
# Testing hold until compare enabled...
# state = Count0   data_matches = 0   compare_en = 0   data_synched = 0
# state = Count0   data_matches = 1   compare_en = 0   data_synched = 0
# state = Count0   data_matches = 1   compare_en = 0   data_synched = 0
# state = Count0   data_matches = 1   compare_en = 0   data_synched = 0
# state = Count0   data_matches = 1   compare_en = 0   data_synched = 0
# state = Count0   data_matches = 1   compare_en = 0   data_synched = 0
# state = Count0   data_matches = 1   compare_en = 0   data_synched = 0
#   Test passed
# 
# Testing increment on match (compare is enabled)...
# state = Count0   data_matches = 0   compare_en = 1   data_synched = 0
# state = Count0   data_matches = 1   compare_en = 1   data_synched = 0
# state = Count1   data_matches = 1   compare_en = 1   data_synched = 0
# state = Count2   data_matches = 1   compare_en = 1   data_synched = 0
# state = Count3   data_matches = 1   compare_en = 1   data_synched = 0
# state = Count4   data_matches = 0   compare_en = 1   data_synched = 0
# state = Count2   data_matches = 1   compare_en = 1   data_synched = 0
# state = Count3   data_matches = 1   compare_en = 1   data_synched = 0
# state = Count4   data_matches = 1   compare_en = 1   data_synched = 0
# state = Count5   data_matches = 1   compare_en = 1   data_synched = 0
# state = Count6   data_matches = 0   compare_en = 1   data_synched = 0
# state = Count4   data_matches = 1   compare_en = 1   data_synched = 0
# state = Count5   data_matches = 1   compare_en = 1   data_synched = 0
# state = Count6   data_matches = 1   compare_en = 1   data_synched = 0
# state = Count7   data_matches = 1   compare_en = 1   data_synched = 0
# state = Count8   data_matches = 0   compare_en = 1   data_synched = 0
# state = Count6   data_matches = 1   compare_en = 1   data_synched = 1
# state = Count7   data_matches = 1   compare_en = 1   data_synched = 1
# state = Count8   data_matches = 1   compare_en = 1   data_synched = 1
# state = Count9   data_matches = 1   compare_en = 1   data_synched = 1
#   Test passed
# 
# Testing hold current state when not enabled...
# state = Count10   data_matches = 1   compare_en = 0   data_synched = 1
# state = Count10   data_matches = 1   compare_en = 0   data_synched = 1
# state = Count10   data_matches = 1   compare_en = 0   data_synched = 1
# state = Count10   data_matches = 1   compare_en = 0   data_synched = 1
#   Test passed
# 
# Testing increment to maximum count...
# state = Count10   data_matches = 1   compare_en = 1   data_synched = 1
# state = Count11   data_matches = 1   compare_en = 1   data_synched = 1
# state = Count12   data_matches = 1   compare_en = 1   data_synched = 1
# state = Count13   data_matches = 1   compare_en = 1   data_synched = 1
# state = Count14   data_matches = 1   compare_en = 1   data_synched = 1
# state = Count15   data_matches = 1   compare_en = 1   data_synched = 1
# state = Count15   data_matches = 1   compare_en = 1   data_synched = 1
# state = Count15   data_matches = 1   compare_en = 1   data_synched = 1
# state = Count15   data_matches = 1   compare_en = 1   data_synched = 1
# state = Count15   data_matches = 1   compare_en = 1   data_synched = 1
#   Test passed
# 
# Testing decrement to zero...
# state = Count15   data_matches = 0   compare_en = 1   data_synched = 1
# state = Count13   data_matches = 0   compare_en = 1   data_synched = 1
# state = Count11   data_matches = 0   compare_en = 1   data_synched = 1
# state = Count9   data_matches = 0   compare_en = 1   data_synched = 1
# state = Count7   data_matches = 0   compare_en = 1   data_synched = 1
# state = Count5   data_matches = 0   compare_en = 1   data_synched = 1
# state = Count3   data_matches = 0   compare_en = 1   data_synched = 1
# state = Count1   data_matches = 0   compare_en = 1   data_synched = 1
# state = Count0   data_matches = 0   compare_en = 1   data_synched = 1
# state = Count0   data_matches = 0   compare_en = 1   data_synched = 0
#   Test passed
# 
#  Tests completed with 0 errors!
# 
# ** Note: $finish    : 3-8_testbench.sv(97)
#    Time: 550 ns  Iteration: 1  Instance: /top/test
