QuestaSim qverilog 10.2a Compiler 2013.03 Mar 15 2013
qverilog 4-x_package_conditional_include.sv 
-- Compiling package definitions_pkg
-- Compiling module alu
-- Importing package definitions_pkg

Top level modules:
	alu
+ C:\questa_sim_10.2a\win32/vsim -lib work alu -c -do "run -all; quit -f" -appendlog -l qverilog.log -vopt
# vsim -appendlog -do {run -all; quit -f} -l qverilog.log -lib work -c -vopt alu 
# ** Note: (vsim-3812) Design is being optimized...
# 
# ** Warning: 4-1_example_package.sv(42): (vopt-2250) Function "multiplier" has no return value assignment.
# 
# //  Questa Sim
# //  Version 10.2a win32 Mar 15 2013
# //
# //  Copyright 1991-2013 Mentor Graphics Corporation
# //  All Rights Reserved.
# //
# //  THIS WORK CONTAINS TRADE SECRET AND PROPRIETARY INFORMATION
# //  WHICH IS THE PROPERTY OF MENTOR GRAPHICS CORPORATION OR ITS
# //  LICENSORS AND IS SUBJECT TO LICENSE TERMS.
# //
# Loading sv_std.std
# Loading work.definitions_pkg(fast)
# Loading work.alu(fast)
# run -all 
# 
# *** No simulation results expected. ***
# *** Only checking that module compiles. ***
# 
#  quit -f 
