QuestaSim qverilog 10.2a Compiler 2013.03 Mar 15 2013
qverilog 4-x_package_multiple_def_snippet.sv 
-- Compiling package cpu_pkg
-- Compiling package gpu_pkg
-- Compiling module processor
-- Importing package cpu_pkg
-- Importing package gpu_pkg

Top level modules:
	processor
+ C:\questa_sim_10.2a\win32/vsim -lib work processor -c -do "run -all; quit -f" -appendlog -l qverilog.log -vopt
# vsim -appendlog -do {run -all; quit -f} -l qverilog.log -lib work -c -vopt processor 
# ** Note: (vsim-3813) Design is being optimized due to module recompilation...
# 
# //  Questa Sim
# //  Version 10.2a win32 Mar 15 2013
# //
# //  Copyright 1991-2013 Mentor Graphics Corporation
# //  All Rights Reserved.
# //
# //  THIS WORK CONTAINS TRADE SECRET AND PROPRIETARY INFORMATION
# //  WHICH IS THE PROPERTY OF MENTOR GRAPHICS CORPORATION OR ITS
# //  LICENSORS AND IS SUBJECT TO LICENSE TERMS.
# //
# Loading sv_std.std
# Loading work.gpu_pkg(fast)
# Loading work.cpu_pkg(fast)
# Loading work.processor(fast)
# run -all 
# 
# *** No simulation results expected. ***
# *** Only checking that module compiles. ***
# 
#  quit -f 
