QuestaSim qverilog 10.2c Compiler 2013.07 Jul 18 2013
qverilog -f 5-13_run.f 
-- Compiling module algorithmic_8bit_barrel_shifter
-- Compiling module test
-- Compiling module top

Top level modules:
	top
+ C:/questa_sim_10.2c/win32/vsim -lib work top -c -do "run -all; quit -f" -appendlog -l qverilog.log -vopt
# vsim -appendlog -do {run -all; quit -f} -l qverilog.log -lib work -c -vopt top 
# ** Note: (vsim-3813) Design is being optimized due to module recompilation...
# 
# //  Questa Sim
# //  Version 10.2c Unknown Platform Jul 18 2013
# //
# //  Copyright 1991-2013 Mentor Graphics Corporation
# //  All Rights Reserved.
# //
# //  THIS WORK CONTAINS TRADE SECRET AND PROPRIETARY INFORMATION
# //  WHICH IS THE PROPERTY OF MENTOR GRAPHICS CORPORATION OR ITS
# //  LICENSORS AND IS SUBJECT TO LICENSE TERMS.
# //
# Loading sv_std.std
# Loading work.top(fast)
# run -all 
# At   10ns: data_in=0  base2exp=2:  EXPECT: data_out = 0, ACTUAL: 0  OK
# At   20ns: data_in=5  base2exp=2:  EXPECT: data_out = 20, ACTUAL: 20  OK
# At   30ns: data_in=5  base2exp=3:  EXPECT: data_out = 40, ACTUAL: 40  OK
# At   40ns: data_in=5  base2exp=7:  EXPECT: data_out = 128, ACTUAL: 128  OK
# ** Note: $finish    : 5-13_testbench.sv(39)
#    Time: 45 ns  Iteration: 0  Instance: /top/test
