QuestaSim qverilog 10.2c Compiler 2013.07 Jul 18 2013
qverilog -f 5-7_run.f 
-- Compiling module status_flag
-- Compiling module test
-- Compiling module top

Top level modules:
	top
+ C:/questa_sim_10.2c/win32/vsim -lib work top -c -do "run -all; quit -f" -appendlog -l qverilog.log -vopt
# vsim -appendlog -do {run -all; quit -f} -l qverilog.log -lib work -c -vopt top 
# ** Note: (vsim-3813) Design is being optimized due to module recompilation...
# 
# //  Questa Sim
# //  Version 10.2c Unknown Platform Jul 18 2013
# //
# //  Copyright 1991-2013 Mentor Graphics Corporation
# //  All Rights Reserved.
# //
# //  THIS WORK CONTAINS TRADE SECRET AND PROPRIETARY INFORMATION
# //  WHICH IS THE PROPERTY OF MENTOR GRAPHICS CORPORATION OR ITS
# //  LICENSORS AND IS SUBJECT TO LICENSE TERMS.
# //
# Loading sv_std.std
# Loading work.top(fast)
# run -all 
# At   30ns: d1=00000001  d2=00000101:  EXPECT: data_true = 1, ACTUAL: 1  OK
# At   50ns: d1=00000001  d2=00000101:  EXPECT: data_true = 1, ACTUAL: 1  OK
# At   70ns: d1=00000001  d2=00000101:  EXPECT: data_true = 1, ACTUAL: 1  OK
# At   90ns: d1=00000001  d2=00000101:  EXPECT: data_true = 1, ACTUAL: 1  OK
# At  110ns: d1=00000000  d2=00000101:  EXPECT: data_true = 0, ACTUAL: 0  OK
# At  130ns: d1=00000000  d2=00000000:  EXPECT: data_true = 1, ACTUAL: 1  OK
# At  150ns: d1=00000001  d2=00000101:  EXPECT: data_true = 1, ACTUAL: 1  OK
# At  170ns: d1=00000001  d2=00000000:  EXPECT: data_true = 0, ACTUAL: 0  OK
# At  190ns: d1=00000000  d2=00000101:  EXPECT: data_true = 0, ACTUAL: 0  OK
# At  210ns: d1=00000000  d2=00000000:  EXPECT: data_true = 1, ACTUAL: 1  OK
# At  230ns: d1=00000000  d2=00000000:  EXPECT: data_true = 1, ACTUAL: 1  OK
# At  250ns: d1=00000000  d2=00000101:  EXPECT: data_true = 0, ACTUAL: 0  OK
# At  270ns: d1=00000001  d2=00000101:  EXPECT: data_true = 1, ACTUAL: 1  OK
# At  290ns: d1=00000000  d2=00000000:  EXPECT: data_true = 1, ACTUAL: 1  OK
# At  310ns: d1=00000000  d2=00000101:  EXPECT: data_true = 0, ACTUAL: 0  OK
# At  330ns: d1=00000000  d2=00000000:  EXPECT: data_true = 1, ACTUAL: 1  OK
# At  350ns: d1=00000001  d2=00000000:  EXPECT: data_true = 0, ACTUAL: 0  OK
# At  370ns: d1=00000000  d2=00000101:  EXPECT: data_true = 0, ACTUAL: 0  OK
# At  390ns: d1=00000000  d2=00000101:  EXPECT: data_true = 0, ACTUAL: 0  OK
# At  410ns: d1=00000001  d2=00000101:  EXPECT: data_true = 1, ACTUAL: 1  OK
# ** Note: $finish    : 5-7_testbench.sv(33)
#    Time: 420 ns  Iteration: 1  Instance: /top/test
