Start time: 12:09:38 on Aug 22,2016
qverilog -f 6-05_run.f 
-- Compiling module priority_bcd_encoder
-- Compiling module test
-- Compiling module top

Top level modules:
	top
# vsim -lib work top -c -do "run -all; quit -f" -appendlog -l qverilog.log -vopt 
# ** Note: (vsim-3812) Design is being optimized...
# //  Questa Sim-64
# //  Version 10.5 win64 Feb 13 2016
# //
# //  Copyright 1991-2016 Mentor Graphics Corporation
# //  All Rights Reserved.
# //
# //  QuestaSim and its associated documentation contain trade
# //  secrets and commercial or financial information that are the property of
# //  Mentor Graphics Corporation and are privileged, confidential,
# //  and exempt from disclosure under the Freedom of Information Act,
# //  5 U.S.C. Section 552. Furthermore, this information
# //  is prohibited from disclosure under the Trade Secrets Act,
# //  18 U.S.C. Section 1905.
# //
# Loading sv_std.std
# Loading work.top(fast)
# run -all
# At   10ns: data_in=0111:  EXPECT: bcd_out = 3, ACTUAL: 3  OK
# At   30ns: data_in=1100:  EXPECT: bcd_out = 4, ACTUAL: 4  OK
# At   50ns: data_in=1100:  EXPECT: bcd_out = 4, ACTUAL: 4  OK
# ** Note: $finish    : 6-05_testbench.sv(27)
#    Time: 60 ns  Iteration: 1  Instance: /top/test
# End time: 12:09:41 on Aug 22,2016, Elapsed time: 0:00:03
# Errors: 0, Warnings: 0
