Start time: 15:13:28 on Aug 24,2016
qverilog -f 6-08_run.f 
-- Compiling module exponential
-- Compiling module test
-- Compiling module top

Top level modules:
	top
# vsim -lib work top -c -do "run -all; quit -f" -appendlog -l qverilog.log -vopt 
# ** Note: (vsim-3813) Design is being optimized due to module recompilation...
# //  Questa Sim-64
# //  Version 10.5 win64 Feb 13 2016
# //
# //  Copyright 1991-2016 Mentor Graphics Corporation
# //  All Rights Reserved.
# //
# //  QuestaSim and its associated documentation contain trade
# //  secrets and commercial or financial information that are the property of
# //  Mentor Graphics Corporation and are privileged, confidential,
# //  and exempt from disclosure under the Freedom of Information Act,
# //  5 U.S.C. Section 552. Furthermore, this information
# //  is prohibited from disclosure under the Trade Secrets Act,
# //  18 U.S.C. Section 1905.
# //
# Loading sv_std.std
# Loading work.top(fast)
# run -all
# 
# At   10ns: d=3  EXPECT: q=27, ACTUAL: 27 
#  OK
# ** Note: $finish    : 6-08_testbench.sv(29)
#    Time: 20 ns  Iteration: 1  Instance: /top/test
# End time: 15:13:30 on Aug 24,2016, Elapsed time: 0:00:02
# Errors: 0, Warnings: 0
