Start time: 03:50:52 on Mar 28,2017
qverilog -f example_05-17_run.f 
-- Compiling module floating_point_adder
-- Compiling module test
-- Compiling module top

Top level modules:
	top
# vsim -lib work top -c -do "run -all; quit -f" -appendlog -l qverilog.log -vopt 
# ** Note: (vsim-3813) Design is being optimized due to module recompilation...
# //  Questa Sim-64
# //  Version 10.6 win64 Dec 13 2016
# //
# //  Copyright 1991-2016 Mentor Graphics Corporation
# //  All Rights Reserved.
# //
# //  QuestaSim and its associated documentation contain trade
# //  secrets and commercial or financial information that are the property of
# //  Mentor Graphics Corporation and are privileged, confidential,
# //  and exempt from disclosure under the Freedom of Information Act,
# //  5 U.S.C. Section 552. Furthermore, this information
# //  is prohibited from disclosure under the Trade Secrets Act,
# //  18 U.S.C. Section 1905.
# //
# Loading sv_std.std
# Loading work.top(fast)
# Loading work.test(fast)
# Loading work.floating_point_adder(fast)
# run -all
# At   10ns: a=1.200000, b=1.500000:  EXPECT: sum = 2.700000, ACTUAL: 2.700000 OK
# At   20ns: a=1.200000, b=-2.000000:  EXPECT: sum = -0.800000, ACTUAL: -0.800000 OK
# At   30ns: a=1.200000, b=0.003000:  EXPECT: sum = 1.203000, ACTUAL: 1.203000 OK
# ** Note: $finish    : example_05-17_testbench.sv(30)
#    Time: 35 ns  Iteration: 0  Instance: /top/test
# End time: 03:50:54 on Mar 28,2017, Elapsed time: 0:00:02
# Errors: 0, Warnings: 0
