Start time: 03:48:45 on Mar 28,2017
qverilog -f example_05-13_run.f 
-- Compiling module rotate_left_rfactor_times
-- Compiling module test
-- Compiling module top

Top level modules:
	top
# vsim -lib work top -c -do "run -all; quit -f" -appendlog -l qverilog.log -vopt 
# ** Note: (vsim-3813) Design is being optimized due to module recompilation...
# //  Questa Sim-64
# //  Version 10.6 win64 Dec 13 2016
# //
# //  Copyright 1991-2016 Mentor Graphics Corporation
# //  All Rights Reserved.
# //
# //  QuestaSim and its associated documentation contain trade
# //  secrets and commercial or financial information that are the property of
# //  Mentor Graphics Corporation and are privileged, confidential,
# //  and exempt from disclosure under the Freedom of Information Act,
# //  5 U.S.C. Section 552. Furthermore, this information
# //  is prohibited from disclosure under the Trade Secrets Act,
# //  18 U.S.C. Section 1905.
# //
# Loading sv_std.std
# Loading work.top(fast)
# run -all
# At   10ns: data_in=00001111  rfactor=4:  EXPECT: data_out = 11110000, ACTUAL: 11110000  OK
# At   20ns: data_in=11000101  rfactor=2:  EXPECT: data_out = 00010111, ACTUAL: 00010111  OK
# At   30ns: data_in=10000000  rfactor=7:  EXPECT: data_out = 01000000, ACTUAL: 01000000  OK
# ** Note: $finish    : example_05-13_testbench.sv(35)
#    Time: 35 ns  Iteration: 0  Instance: /top/test
# End time: 03:48:48 on Mar 28,2017, Elapsed time: 0:00:03
# Errors: 0, Warnings: 0
