Start time: 03:43:56 on Mar 28,2017
qverilog -f example_05-08_run.f 
-- Compiling module comparator
-- Compiling module test
-- Compiling module top

Top level modules:
	top
# vsim -lib work top -c -do "run -all; quit -f" -appendlog -l qverilog.log -vopt 
# ** Note: (vsim-3813) Design is being optimized due to module recompilation...
# //  Questa Sim-64
# //  Version 10.6 win64 Dec 13 2016
# //
# //  Copyright 1991-2016 Mentor Graphics Corporation
# //  All Rights Reserved.
# //
# //  QuestaSim and its associated documentation contain trade
# //  secrets and commercial or financial information that are the property of
# //  Mentor Graphics Corporation and are privileged, confidential,
# //  and exempt from disclosure under the Freedom of Information Act,
# //  5 U.S.C. Section 552. Furthermore, this information
# //  is prohibited from disclosure under the Trade Secrets Act,
# //  18 U.S.C. Section 1905.
# //
# Loading sv_std.std
# Loading work.top(fast)
# run -all
# At   30ns: a=  5  b=  0:  EXPECT: {lt,eq,gt} = 001, ACTUAL: 001  OK
# At   50ns: a=  5  b=  0:  EXPECT: {lt,eq,gt} = 001, ACTUAL: 001  OK
# At   70ns: a=  5  b=  0:  EXPECT: {lt,eq,gt} = 001, ACTUAL: 001  OK
# At   90ns: a=  0  b=  5:  EXPECT: {lt,eq,gt} = 100, ACTUAL: 100  OK
# At  110ns: a=  0  b=  5:  EXPECT: {lt,eq,gt} = 100, ACTUAL: 100  OK
# At  130ns: a=  0  b=  0:  EXPECT: {lt,eq,gt} = 010, ACTUAL: 010  OK
# At  150ns: a=  3  b=  3:  EXPECT: {lt,eq,gt} = 010, ACTUAL: 010  OK
# At  170ns: a=  3  b=  5:  EXPECT: {lt,eq,gt} = 100, ACTUAL: 100  OK
# At  190ns: a=  0  b=  5:  EXPECT: {lt,eq,gt} = 100, ACTUAL: 100  OK
# At  210ns: a=  5  b=  0:  EXPECT: {lt,eq,gt} = 001, ACTUAL: 001  OK
# At  230ns: a=  0  b=  0:  EXPECT: {lt,eq,gt} = 010, ACTUAL: 010  OK
# At  250ns: a=  5  b=  0:  EXPECT: {lt,eq,gt} = 001, ACTUAL: 001  OK
# At  270ns: a=  3  b=  5:  EXPECT: {lt,eq,gt} = 100, ACTUAL: 100  OK
# At  290ns: a=  5  b=  0:  EXPECT: {lt,eq,gt} = 001, ACTUAL: 001  OK
# At  310ns: a=  3  b=  5:  EXPECT: {lt,eq,gt} = 100, ACTUAL: 100  OK
# At  330ns: a=  0  b=  0:  EXPECT: {lt,eq,gt} = 010, ACTUAL: 010  OK
# ** Note: $finish    : example_05-08_testbench.sv(35)
#    Time: 340 ns  Iteration: 1  Instance: /top/test
# End time: 03:43:58 on Mar 28,2017, Elapsed time: 0:00:02
# Errors: 0, Warnings: 0
