Start time: 03:55:01 on Mar 28,2017
qverilog -f example_05-19_run.f 
-- Compiling package bitwise_types_pkg
-- Compiling module bitwise_unit
-- Importing package bitwise_types_pkg
-- Compiling module test
-- Compiling module top

Top level modules:
	top
# vsim -lib work top -c -do "run -all; quit -f" -appendlog -l qverilog.log -vopt 
# ** Note: (vsim-3813) Design is being optimized due to module recompilation...
# //  Questa Sim-64
# //  Version 10.6 win64 Dec 13 2016
# //
# //  Copyright 1991-2016 Mentor Graphics Corporation
# //  All Rights Reserved.
# //
# //  QuestaSim and its associated documentation contain trade
# //  secrets and commercial or financial information that are the property of
# //  Mentor Graphics Corporation and are privileged, confidential,
# //  and exempt from disclosure under the Freedom of Information Act,
# //  5 U.S.C. Section 552. Furthermore, this information
# //  is prohibited from disclosure under the Trade Secrets Act,
# //  18 U.S.C. Section 1905.
# //
# Loading sv_std.std
# Loading work.bitwise_types_pkg(fast)
# Loading work.top(fast)
# run -all
# At    5ns: a=00010011, b=01010101, opcode=AND_OP:  EXPECT: result = 00010001, ACTUAL: 00010001 OK
# At   10ns: a=00010011, b=01010101, opcode=OR_OP :  EXPECT: result = 01010111, ACTUAL: 01010111 OK
# At   15ns: a=00010011, b=01010101, opcode=XOR_OP:  EXPECT: result = 01000110, ACTUAL: 01000110 OK
# At   20ns: a=00010011, b=01010101, opcode=RS1_OP:  EXPECT: result = 00001001, ACTUAL: 00001001 OK
# ** Note: $finish    : example_05-19_testbench.sv(30)
#    Time: 25 ns  Iteration: 0  Instance: /top/test
# End time: 03:55:03 on Mar 28,2017, Elapsed time: 0:00:02
# Errors: 0, Warnings: 0
