Start time: 03:46:31 on Mar 28,2017
qverilog -f example_05-12_run.f 
-- Compiling module multiply_by_power_of_two
-- Compiling module test
-- Compiling module top

Top level modules:
	top
# vsim -lib work top -c -do "run -all; quit -f" -appendlog -l qverilog.log -vopt 
# ** Note: (vsim-3813) Design is being optimized due to module recompilation...
# //  Questa Sim-64
# //  Version 10.6 win64 Dec 13 2016
# //
# //  Copyright 1991-2016 Mentor Graphics Corporation
# //  All Rights Reserved.
# //
# //  QuestaSim and its associated documentation contain trade
# //  secrets and commercial or financial information that are the property of
# //  Mentor Graphics Corporation and are privileged, confidential,
# //  and exempt from disclosure under the Freedom of Information Act,
# //  5 U.S.C. Section 552. Furthermore, this information
# //  is prohibited from disclosure under the Trade Secrets Act,
# //  18 U.S.C. Section 1905.
# //
# Loading sv_std.std
# Loading work.top(fast)
# run -all
# At   10ns: data_in=0  base2exp=2:  EXPECT: data_out = 0, ACTUAL: 0  OK
# At   20ns: data_in=5  base2exp=2:  EXPECT: data_out = 20, ACTUAL: 20  OK
# At   30ns: data_in=5  base2exp=3:  EXPECT: data_out = 40, ACTUAL: 40  OK
# At   40ns: data_in=5  base2exp=7:  EXPECT: data_out = 128, ACTUAL: 128  OK
# ** Note: $finish    : example_05-12_testbench.sv(39)
#    Time: 45 ns  Iteration: 0  Instance: /top/test
# End time: 03:46:33 on Mar 28,2017, Elapsed time: 0:00:02
# Errors: 0, Warnings: 0
