Start time: 03:41:09 on Mar 28,2017
qverilog -f example_05-03_run.f 
-- Compiling module muxed_register
-- Compiling module test
-- Compiling module top

Top level modules:
	top
# vsim -lib work top -c -do "run -all; quit -f" -appendlog -l qverilog.log -vopt 
# ** Note: (vsim-3813) Design is being optimized due to module recompilation...
# //  Questa Sim-64
# //  Version 10.6 win64 Dec 13 2016
# //
# //  Copyright 1991-2016 Mentor Graphics Corporation
# //  All Rights Reserved.
# //
# //  QuestaSim and its associated documentation contain trade
# //  secrets and commercial or financial information that are the property of
# //  Mentor Graphics Corporation and are privileged, confidential,
# //  and exempt from disclosure under the Freedom of Information Act,
# //  5 U.S.C. Section 552. Furthermore, this information
# //  is prohibited from disclosure under the Trade Secrets Act,
# //  18 U.S.C. Section 1905.
# //
# Loading sv_std.std
# Loading work.top(fast)
# run -all
# At   10ns: d1=0110  d2=1000  data_select=0:  EXPECT: q_out = 1000, ACTUAL: 1000  OK
# At   30ns: d1=1100  d2=0100  data_select=1:  EXPECT: q_out = 1100, ACTUAL: 1100  OK
# At   50ns: d1=0011  d2=1101  data_select=1:  EXPECT: q_out = 0011, ACTUAL: 0011  OK
# ** Note: $finish    : example_05-03_testbench.sv(31)
#    Time: 60 ns  Iteration: 1  Instance: /top/test
# End time: 03:41:10 on Mar 28,2017, Elapsed time: 0:00:01
# Errors: 0, Warnings: 0
