Start time: 03:45:31 on Mar 28,2017
qverilog -f example_05-10_run.f 
-- Compiling module boundary_detector
-- Compiling module test
-- Compiling module top

Top level modules:
	top
# vsim -lib work top -c -do "run -all; quit -f" -appendlog -l qverilog.log -vopt 
# ** Note: (vsim-3813) Design is being optimized due to module recompilation...
# //  Questa Sim-64
# //  Version 10.6 win64 Dec 13 2016
# //
# //  Copyright 1991-2016 Mentor Graphics Corporation
# //  All Rights Reserved.
# //
# //  QuestaSim and its associated documentation contain trade
# //  secrets and commercial or financial information that are the property of
# //  Mentor Graphics Corporation and are privileged, confidential,
# //  and exempt from disclosure under the Freedom of Information Act,
# //  5 U.S.C. Section 552. Furthermore, this information
# //  is prohibited from disclosure under the Trade Secrets Act,
# //  18 U.S.C. Section 1905.
# //
# Loading sv_std.std
# Loading work.top(fast)
# run -all
# At   10ns: address=0:  EXPECT: boundary_flag = 1, ACTUAL: 1  OK
# At   20ns: address=16383:  EXPECT: boundary_flag = 0, ACTUAL: 0  OK
# At   30ns: address=16384:  EXPECT: boundary_flag = 1, ACTUAL: 1  OK
# At   40ns: address=16385:  EXPECT: boundary_flag = 0, ACTUAL: 0  OK
# At   50ns: address=16382:  EXPECT: boundary_flag = 0, ACTUAL: 0  OK
# At   60ns: address=16383:  EXPECT: boundary_flag = 0, ACTUAL: 0  OK
# At   70ns: address=16384:  EXPECT: boundary_flag = 1, ACTUAL: 1  OK
# At   80ns: address=16381:  EXPECT: boundary_flag = 0, ACTUAL: 0  OK
# At   90ns: address=16382:  EXPECT: boundary_flag = 0, ACTUAL: 0  OK
# At  100ns: address=16383:  EXPECT: boundary_flag = 0, ACTUAL: 0  OK
# ** Note: $finish    : example_05-10_testbench.sv(46)
#    Time: 105 ns  Iteration: 0  Instance: /top/test
# End time: 03:45:32 on Mar 28,2017, Elapsed time: 0:00:01
# Errors: 0, Warnings: 0
