Start time: 03:41:53 on Mar 28,2017
qverilog -f example_05-04_run.f 
-- Compiling module tri_state_adder
-- Compiling module test
-- Compiling module top

Top level modules:
	top
# vsim -lib work top -c -do "run -all; quit -f" -appendlog -l qverilog.log -vopt 
# ** Note: (vsim-3813) Design is being optimized due to module recompilation...
# //  Questa Sim-64
# //  Version 10.6 win64 Dec 13 2016
# //
# //  Copyright 1991-2016 Mentor Graphics Corporation
# //  All Rights Reserved.
# //
# //  QuestaSim and its associated documentation contain trade
# //  secrets and commercial or financial information that are the property of
# //  Mentor Graphics Corporation and are privileged, confidential,
# //  and exempt from disclosure under the Freedom of Information Act,
# //  5 U.S.C. Section 552. Furthermore, this information
# //  is prohibited from disclosure under the Trade Secrets Act,
# //  18 U.S.C. Section 1905.
# //
# Loading sv_std.std
# Loading work.top(fast)
# run -all
# a=0000  b=0000  enable=0  out=zzzz: expect out=zzzz
# a=0001  b=0010  enable=0  out=zzzz: expect out=zzzz
# a=0001  b=0010  enable=1  out=0011: expect out=0011
# a=0101  b=0010  enable=1  out=0111: expect out=0111
# a=0101  b=0010  enable=0  out=zzzz: expect out=zzzz
# ** Note: $finish    : example_05-04_testbench.sv(34)
#    Time: 11 ns  Iteration: 0  Instance: /top/test
# End time: 03:41:54 on Mar 28,2017, Elapsed time: 0:00:01
# Errors: 0, Warnings: 0
