Start time: 03:43:24 on Mar 28,2017
qverilog -f example_05-07_run.f 
-- Compiling module status_flag
-- Compiling module test
-- Compiling module top

Top level modules:
	top
# vsim -lib work top -c -do "run -all; quit -f" -appendlog -l qverilog.log -vopt 
# ** Note: (vsim-3813) Design is being optimized due to module recompilation...
# //  Questa Sim-64
# //  Version 10.6 win64 Dec 13 2016
# //
# //  Copyright 1991-2016 Mentor Graphics Corporation
# //  All Rights Reserved.
# //
# //  QuestaSim and its associated documentation contain trade
# //  secrets and commercial or financial information that are the property of
# //  Mentor Graphics Corporation and are privileged, confidential,
# //  and exempt from disclosure under the Freedom of Information Act,
# //  5 U.S.C. Section 552. Furthermore, this information
# //  is prohibited from disclosure under the Trade Secrets Act,
# //  18 U.S.C. Section 1905.
# //
# Loading sv_std.std
# Loading work.top(fast)
# run -all
# At   30ns: d1=00000000  d2=00000000:  EXPECT: data_true = 1, ACTUAL: 1  OK
# At   50ns: d1=00000000  d2=00000101:  EXPECT: data_true = 0, ACTUAL: 0  OK
# At   70ns: d1=00000001  d2=00000101:  EXPECT: data_true = 1, ACTUAL: 1  OK
# At   90ns: d1=00000000  d2=00000000:  EXPECT: data_true = 1, ACTUAL: 1  OK
# At  110ns: d1=00000000  d2=00000101:  EXPECT: data_true = 0, ACTUAL: 0  OK
# At  130ns: d1=00000000  d2=00000000:  EXPECT: data_true = 1, ACTUAL: 1  OK
# At  150ns: d1=00000001  d2=00000101:  EXPECT: data_true = 1, ACTUAL: 1  OK
# At  170ns: d1=00000001  d2=00000000:  EXPECT: data_true = 0, ACTUAL: 0  OK
# At  190ns: d1=00000000  d2=00000000:  EXPECT: data_true = 1, ACTUAL: 1  OK
# At  210ns: d1=00000001  d2=00000000:  EXPECT: data_true = 0, ACTUAL: 0  OK
# At  230ns: d1=00000001  d2=00000000:  EXPECT: data_true = 0, ACTUAL: 0  OK
# At  250ns: d1=00000000  d2=00000000:  EXPECT: data_true = 1, ACTUAL: 1  OK
# At  270ns: d1=00000001  d2=00000000:  EXPECT: data_true = 0, ACTUAL: 0  OK
# At  290ns: d1=00000000  d2=00000000:  EXPECT: data_true = 1, ACTUAL: 1  OK
# At  310ns: d1=00000001  d2=00000000:  EXPECT: data_true = 0, ACTUAL: 0  OK
# At  330ns: d1=00000001  d2=00000000:  EXPECT: data_true = 0, ACTUAL: 0  OK
# At  350ns: d1=00000001  d2=00000000:  EXPECT: data_true = 0, ACTUAL: 0  OK
# At  370ns: d1=00000001  d2=00000000:  EXPECT: data_true = 0, ACTUAL: 0  OK
# At  390ns: d1=00000001  d2=00000101:  EXPECT: data_true = 1, ACTUAL: 1  OK
# At  410ns: d1=00000000  d2=00000101:  EXPECT: data_true = 0, ACTUAL: 0  OK
# ** Note: $finish    : example_05-07_testbench.sv(33)
#    Time: 420 ns  Iteration: 1  Instance: /top/test
# End time: 03:43:26 on Mar 28,2017, Elapsed time: 0:00:02
# Errors: 0, Warnings: 0
