Start time: 11:04:35 on Mar 29,2017
qverilog -f example_06-02_run.f 
-- Compiling module latch
-- Compiling module test
-- Compiling module top

Top level modules:
	top
# vsim -lib work top -c -do "run -all; quit -f" -appendlog -l qverilog.log -vopt 
# ** Note: (vsim-3813) Design is being optimized due to module recompilation...
# //  Questa Sim-64
# //  Version 10.6 win64 Dec 13 2016
# //
# //  Copyright 1991-2016 Mentor Graphics Corporation
# //  All Rights Reserved.
# //
# //  QuestaSim and its associated documentation contain trade
# //  secrets and commercial or financial information that are the property of
# //  Mentor Graphics Corporation and are privileged, confidential,
# //  and exempt from disclosure under the Freedom of Information Act,
# //  5 U.S.C. Section 552. Furthermore, this information
# //  is prohibited from disclosure under the Trade Secrets Act,
# //  18 U.S.C. Section 1905.
# //
# Loading sv_std.std
# Loading work.top(fast)
# run -all
# At   10ns: in=2  ena=1:  EXPECT: out = 2, ACTUAL: 2  OK
# At   30ns: in=2  ena=1:  EXPECT: out = 2, ACTUAL: 2  OK
# At   50ns: in=2  ena=0:  EXPECT: out = 2, ACTUAL: 2  OK
# At   70ns: in=0  ena=0:  EXPECT: out = 2, ACTUAL: 2  OK
# ** Note: $finish    : example_06-02_testbench.sv(41)
#    Time: 80 ns  Iteration: 1  Instance: /top/test
# End time: 11:04:37 on Mar 29,2017, Elapsed time: 0:00:02
# Errors: 0, Warnings: 0
