Start time: 03:41:20 on May 01,2017
qverilog -f example_06-05_run.f 
-- Compiling module mux4to1
-- Compiling module test
-- Compiling module top

Top level modules:
	top
# vsim -lib work top -c -do "run -all; quit -f" -appendlog -l qverilog.log -vopt 
# ** Note: (vsim-3813) Design is being optimized due to module recompilation...
# //  Questa Sim-64
# //  Version 10.6 win64 Dec 13 2016
# //
# //  Copyright 1991-2016 Mentor Graphics Corporation
# //  All Rights Reserved.
# //
# //  QuestaSim and its associated documentation contain trade
# //  secrets and commercial or financial information that are the property of
# //  Mentor Graphics Corporation and are privileged, confidential,
# //  and exempt from disclosure under the Freedom of Information Act,
# //  5 U.S.C. Section 552. Furthermore, this information
# //  is prohibited from disclosure under the Trade Secrets Act,
# //  18 U.S.C. Section 1905.
# //
# Loading sv_std.std
# Loading work.top(fast)
# run -all
# At    0ns: a=1  b=2  c=3  d=4  select=00:  EXPECT: y = 1, ACTUAL: 1  OK
# At   10ns: a=1  b=2  c=3  d=4  select=01:  EXPECT: y = 2, ACTUAL: 2  OK
# At   20ns: a=1  b=2  c=3  d=4  select=10:  EXPECT: y = 3, ACTUAL: 3  OK
# At   30ns: a=1  b=2  c=3  d=4  select=11:  EXPECT: y = 4, ACTUAL: 4  OK
# ** Note: $finish    : example_06-05_testbench.sv(33)
#    Time: 40 ns  Iteration: 1  Instance: /top/test
# End time: 03:41:22 on May 01,2017, Elapsed time: 0:00:02
# Errors: 0, Warnings: 0
