Start time: 11:05:41 on Mar 29,2017
qverilog -f example_06-04_run.f 
-- Compiling module srff
-- Compiling module test
-- Compiling module top

Top level modules:
	top
# vsim -lib work top -c -do "run -all; quit -f" -appendlog -l qverilog.log -vopt 
# ** Note: (vsim-3813) Design is being optimized due to module recompilation...
# //  Questa Sim-64
# //  Version 10.6 win64 Dec 13 2016
# //
# //  Copyright 1991-2016 Mentor Graphics Corporation
# //  All Rights Reserved.
# //
# //  QuestaSim and its associated documentation contain trade
# //  secrets and commercial or financial information that are the property of
# //  Mentor Graphics Corporation and are privileged, confidential,
# //  and exempt from disclosure under the Freedom of Information Act,
# //  5 U.S.C. Section 552. Furthermore, this information
# //  is prohibited from disclosure under the Trade Secrets Act,
# //  18 U.S.C. Section 1905.
# //
# Loading sv_std.std
# Loading work.top(fast)
# run -all
# At   10ns: rstN=1  setN=1  d=86:  EXPECT: q = 86, ACTUAL: 86  OK
# At   20ns: rstN=0  setN=0  d=28:  EXPECT: q = 00, ACTUAL: 00  OK
# At   30ns: rstN=1  setN=0  d=aa:  EXPECT: q = ff, ACTUAL: ff  OK
# ** Note: $finish    : example_06-04_testbench.sv(40)
#    Time: 40 ns  Iteration: 1  Instance: /top/test
# End time: 11:05:43 on Mar 29,2017, Elapsed time: 0:00:02
# Errors: 0, Warnings: 0
