Start time: 11:03:03 on Mar 29,2017
qverilog -f example_06-01_run.f 
-- Compiling module mux2to1
-- Compiling module test
-- Compiling module top

Top level modules:
	top
# vsim -lib work top -c -do "run -all; quit -f" -appendlog -l qverilog.log -vopt 
# ** Note: (vsim-3812) Design is being optimized...
# //  Questa Sim-64
# //  Version 10.6 win64 Dec 13 2016
# //
# //  Copyright 1991-2016 Mentor Graphics Corporation
# //  All Rights Reserved.
# //
# //  QuestaSim and its associated documentation contain trade
# //  secrets and commercial or financial information that are the property of
# //  Mentor Graphics Corporation and are privileged, confidential,
# //  and exempt from disclosure under the Freedom of Information Act,
# //  5 U.S.C. Section 552. Furthermore, this information
# //  is prohibited from disclosure under the Trade Secrets Act,
# //  18 U.S.C. Section 1905.
# //
# Loading sv_std.std
# Loading work.top(fast)
# run -all
# At   10ns: a=6  b=8  sel=0:  EXPECT: y = 8, ACTUAL: 8  OK
# At   30ns: a=c  b=4  sel=1:  EXPECT: y = c, ACTUAL: c  OK
# At   50ns: a=3  b=d  sel=1:  EXPECT: y = 3, ACTUAL: 3  OK
# ** Note: $finish    : example_06-01_testbench.sv(31)
#    Time: 60 ns  Iteration: 1  Instance: /top/test
# End time: 11:03:06 on Mar 29,2017, Elapsed time: 0:00:03
# Errors: 0, Warnings: 0
