QuestaSim qverilog 10.2a Compiler 2013.03 Mar 15 2013
qverilog -f 3-4_run.f 
-- Compiling module add_n_bits
-- Compiling module alu
-- Compiling module test
-- Compiling module top

Top level modules:
	top
+ C:\questa_sim_10.2a\win32/vsim -lib work top -c -do "run -all; quit -f" -appendlog -l qverilog.log -vopt
# vsim -appendlog -do {run -all; quit -f} -l qverilog.log -lib work -c -vopt top 
# ** Note: (vsim-3813) Design is being optimized due to module recompilation...
# 
# //  Questa Sim
# //  Version 10.2a win32 Mar 15 2013
# //
# //  Copyright 1991-2013 Mentor Graphics Corporation
# //  All Rights Reserved.
# //
# //  THIS WORK CONTAINS TRADE SECRET AND PROPRIETARY INFORMATION
# //  WHICH IS THE PROPERTY OF MENTOR GRAPHICS CORPORATION OR ITS
# //  LICENSORS AND IS SUBJECT TO LICENSE TERMS.
# //
# Loading sv_std.std
# Loading work.top(fast)
# run -all 
#  
# port a type after parameter override is wire[31:0]
# port b type after parameter override is wire[31:0]
# port sum type after parameter override is reg[31:0]
#  
# 
# 
# *** No simulation results expected ***
# *** Only testing that the dut compiles and elaborates ***
# 
# 
# ** Note: $finish    : 3-4_testbench.sv(26)
#    Time: 5 ns  Iteration: 0  Instance: /top/test
