
*** Expected results are in "11.06.02_example_11-6.log" ***

ADR=zzzzz DAT=zzzz MRDC=1 MWTC=1 XACK=1 BREQ=1 CBRQ=1 BUSY=1 BPRN=1
ADR=zzzzz DAT=zzzz MRDC=1 MWTC=1 XACK=1 BREQ=0 CBRQ=0 BUSY=1 BPRN=1
ADR=zzzzz DAT=zzzz MRDC=1 MWTC=1 XACK=1 BREQ=0 CBRQ=0 BUSY=1 BPRN=0
ADR=zzzzz DAT=zzzz MRDC=1 MWTC=1 XACK=1 BREQ=0 CBRQ=1 BUSY=0 BPRN=0
ADR=zzzzz DAT=zzzz MRDC=1 MWTC=1 XACK=1 BREQ=0 CBRQ=0 BUSY=0 BPRN=0
ADR=zzzzz DAT=zzzz MRDC=1 MWTC=1 XACK=1 BREQ=0 CBRQ=0 BUSY=0 BPRN=1
ADR=zzzzz DAT=zzzz MRDC=1 MWTC=1 XACK=1 BREQ=0 CBRQ=0 BUSY=0 BPRN=0
ADR=fffff DAT=ffff MRDC=1 MWTC=1 XACK=1 BREQ=0 CBRQ=1 BUSY=0 BPRN=0
ADR=fffff DAT=ffff MRDC=1 MWTC=0 XACK=1 BREQ=0 CBRQ=1 BUSY=0 BPRN=0
ADR=fffff DAT=ffff MRDC=1 MWTC=1 XACK=0 BREQ=0 CBRQ=1 BUSY=0 BPRN=1
ADR=zzzzz DAT=zzzz MRDC=1 MWTC=1 XACK=0 BREQ=0 CBRQ=1 BUSY=0 BPRN=1
ADR=zzzzz DAT=zzzz MRDC=1 MWTC=1 XACK=1 BREQ=1 CBRQ=1 BUSY=0 BPRN=1
                1000 write OK 00000000
ADR=fffff DAT=zzzz MRDC=1 MWTC=1 XACK=1 BREQ=1 CBRQ=1 BUSY=0 BPRN=1
ADR=fffff DAT=zzzz MRDC=0 MWTC=1 XACK=1 BREQ=1 CBRQ=1 BUSY=0 BPRN=1
ADR=fffff DAT=ffff MRDC=1 MWTC=1 XACK=0 BREQ=1 CBRQ=1 BUSY=0 BPRN=1
ADR=zzzzz DAT=ffff MRDC=1 MWTC=1 XACK=0 BREQ=1 CBRQ=1 BUSY=0 BPRN=1
ADR=zzzzz DAT=zzzz MRDC=1 MWTC=1 XACK=1 BREQ=1 CBRQ=1 BUSY=0 BPRN=1
                2000 read OK 00000000
ADR=zzzzz DAT=zzzz MRDC=1 MWTC=1 XACK=1 BREQ=0 CBRQ=0 BUSY=0 BPRN=1
ADR=zzzzz DAT=zzzz MRDC=1 MWTC=1 XACK=1 BREQ=0 CBRQ=0 BUSY=0 BPRN=0
ADR=bffff DAT=ffff MRDC=1 MWTC=1 XACK=1 BREQ=0 CBRQ=1 BUSY=0 BPRN=0
ADR=bffff DAT=ffff MRDC=1 MWTC=0 XACK=1 BREQ=0 CBRQ=1 BUSY=0 BPRN=0
ADR=bffff DAT=ffff MRDC=1 MWTC=1 XACK=0 BREQ=0 CBRQ=1 BUSY=0 BPRN=1
ADR=zzzzz DAT=zzzz MRDC=1 MWTC=1 XACK=0 BREQ=0 CBRQ=1 BUSY=0 BPRN=1
ADR=zzzzz DAT=zzzz MRDC=1 MWTC=1 XACK=1 BREQ=1 CBRQ=1 BUSY=0 BPRN=1
                3000 write OK 00040000
ADR=bffff DAT=zzzz MRDC=1 MWTC=1 XACK=1 BREQ=1 CBRQ=1 BUSY=0 BPRN=1
ADR=bffff DAT=zzzz MRDC=0 MWTC=1 XACK=1 BREQ=1 CBRQ=1 BUSY=0 BPRN=1
ADR=bffff DAT=ffff MRDC=1 MWTC=1 XACK=0 BREQ=1 CBRQ=1 BUSY=0 BPRN=1
ADR=zzzzz DAT=ffff MRDC=1 MWTC=1 XACK=0 BREQ=1 CBRQ=1 BUSY=0 BPRN=1
ADR=zzzzz DAT=zzzz MRDC=1 MWTC=1 XACK=1 BREQ=1 CBRQ=1 BUSY=0 BPRN=1
                4000 read OK 00040000
ADR=zzzzz DAT=zzzz MRDC=1 MWTC=1 XACK=1 BREQ=0 CBRQ=0 BUSY=0 BPRN=1
ADR=zzzzz DAT=zzzz MRDC=1 MWTC=1 XACK=1 BREQ=0 CBRQ=0 BUSY=0 BPRN=0
ADR=7ffff DAT=ffff MRDC=1 MWTC=1 XACK=1 BREQ=0 CBRQ=1 BUSY=0 BPRN=0
ADR=7ffff DAT=ffff MRDC=1 MWTC=0 XACK=1 BREQ=0 CBRQ=1 BUSY=0 BPRN=0
ADR=7ffff DAT=ffff MRDC=1 MWTC=0 XACK=1 BREQ=0 CBRQ=1 BUSY=0 BPRN=1
ADR=7ffff DAT=ffff MRDC=1 MWTC=1 XACK=1 BREQ=0 CBRQ=1 BUSY=0 BPRN=1
                5310 bus error on write 00080000
ADR=7ffff DAT=zzzz MRDC=1 MWTC=1 XACK=1 BREQ=1 CBRQ=1 BUSY=0 BPRN=1
ADR=7ffff DAT=zzzz MRDC=0 MWTC=1 XACK=1 BREQ=1 CBRQ=1 BUSY=0 BPRN=1
ADR=7ffff DAT=zzzz MRDC=1 MWTC=1 XACK=1 BREQ=1 CBRQ=1 BUSY=0 BPRN=1
                6310 bus error on read 00080000
ADR=zzzzz DAT=zzzz MRDC=1 MWTC=1 XACK=1 BREQ=1 CBRQ=1 BUSY=0 BPRN=1
ADR=zzzzz DAT=zzzz MRDC=1 MWTC=1 XACK=1 BREQ=0 CBRQ=0 BUSY=0 BPRN=1
ADR=zzzzz DAT=zzzz MRDC=1 MWTC=1 XACK=1 BREQ=0 CBRQ=0 BUSY=0 BPRN=0
ADR=3ffff DAT=ffff MRDC=1 MWTC=1 XACK=1 BREQ=0 CBRQ=1 BUSY=0 BPRN=0
ADR=3ffff DAT=ffff MRDC=1 MWTC=0 XACK=1 BREQ=0 CBRQ=1 BUSY=0 BPRN=0
ADR=3ffff DAT=ffff MRDC=1 MWTC=0 XACK=1 BREQ=0 CBRQ=1 BUSY=0 BPRN=1
ADR=3ffff DAT=ffff MRDC=1 MWTC=1 XACK=1 BREQ=0 CBRQ=1 BUSY=0 BPRN=1
                7610 bus error on write 000c0000
ADR=3ffff DAT=zzzz MRDC=1 MWTC=1 XACK=1 BREQ=1 CBRQ=1 BUSY=0 BPRN=1
ADR=3ffff DAT=zzzz MRDC=0 MWTC=1 XACK=1 BREQ=1 CBRQ=1 BUSY=0 BPRN=1
ADR=3ffff DAT=zzzz MRDC=1 MWTC=1 XACK=1 BREQ=1 CBRQ=1 BUSY=0 BPRN=1
                8610 bus error on read 000c0000
ADR=zzzzz DAT=zzzz MRDC=1 MWTC=1 XACK=1 BREQ=1 CBRQ=1 BUSY=0 BPRN=1
